I+00000.009: Darwin-21.3.0-x86_64-i386-64bit x86_64
             CPython 3.7.13 (64-bit)
             debugpy 1.6.0

I+00000.011: Initial environment:
             
             System paths:
                 sys.prefix: /Users/PXH050/miniconda/envs/atlas-env
                 sys.base_prefix: /Users/PXH050/miniconda/envs/atlas-env
                 sys.real_prefix: <missing>
                 site.getsitepackages(): /Users/PXH050/miniconda/envs/atlas-env/lib/python3.7/site-packages
                 site.getusersitepackages(): /Users/PXH050/.local/lib/python3.7/site-packages
                 sys.path (site-packages): /Users/PXH050/miniconda/envs/atlas-env/lib/python3.7/site-packages
                 sysconfig.get_path('stdlib'): /Users/PXH050/miniconda/envs/atlas-env/lib/python3.7
                 sysconfig.get_path('platstdlib'): /Users/PXH050/miniconda/envs/atlas-env/lib/python3.7
                 sysconfig.get_path('purelib'): /Users/PXH050/miniconda/envs/atlas-env/lib/python3.7/site-packages
                 sysconfig.get_path('platlib'): /Users/PXH050/miniconda/envs/atlas-env/lib/python3.7/site-packages
                 sysconfig.get_path('include'): /Users/PXH050/miniconda/envs/atlas-env/include/python3.7m
                 sysconfig.get_path('scripts'): /Users/PXH050/miniconda/envs/atlas-env/bin
                 sysconfig.get_path('data'): /Users/PXH050/miniconda/envs/atlas-env
                 os.__file__: /Users/PXH050/miniconda/envs/atlas-env/lib/python3.7/os.py
                 threading.__file__: /Users/PXH050/miniconda/envs/atlas-env/lib/python3.7/threading.py

D+00000.011: listen(('127.0.0.1', 5678), **{})

I+00000.011: Initial debug configuration: {
                 "qt": "none",
                 "subProcess": true,
                 "python": "/Users/PXH050/miniconda/envs/atlas-env/bin/python"
             }

I+00000.012: Waiting for adapter endpoints on 127.0.0.1:56735...

I+00000.012: debugpy.listen() spawning adapter: [
                 "/Users/PXH050/miniconda/envs/atlas-env/bin/python",
                 "/Users/PXH050/miniconda/envs/atlas-env/lib/python3.7/site-packages/debugpy/adapter",
                 "--for-server",
                 "56735",
                 "--host",
                 "127.0.0.1",
                 "--port",
                 "5678",
                 "--server-access-token",
                 "c8e41b19ef54d3007d69c5c8108f14e46a252b5886d0f5fc79565dd8d8516b93",
                 "--log-dir",
                 "./debugpy_log"
             ]

I+00000.110: Endpoints received from adapter: {
                 "client": {
                     "host": "127.0.0.1",
                     "port": 5678
                 },
                 "server": {
                     "host": "127.0.0.1",
                     "port": 56736
                 }
             }

I+00000.110: Adapter is accepting incoming client connections on 127.0.0.1:5678

D+00000.110: pydevd.settrace(*(), **{'host': '127.0.0.1', 'port': 56736, 'wait_for_ready_to_run': False, 'block_until_connected': True, 'access_token': 'c8e41b19ef54d3007d69c5c8108f14e46a252b5886d0f5fc79565dd8d8516b93', 'suspend': False, 'patch_multiprocessing': True, 'dont_trace_start_patterns': ('/Users/PXH050/miniconda/envs/atlas-env/lib/python3.7/site-packages/debugpy',), 'dont_trace_end_patterns': ('debugpy_launcher.py',)})

I+00000.229: pydevd is connected to adapter at 127.0.0.1:56736

